Sending build context to Docker daemon  1.025GB
Step 1/19 : FROM jenkins/jenkins:2.235.2-lts-jdk11
 ---> 58a7b71f9939
Step 2/19 : ENV JAVA_OPTS "-Djenkins.install.runSetupWizard=false"
 ---> Using cache
 ---> 1e38b01d8467
Step 3/19 : ENV JENKINS_OPTS --prefix=/
 ---> Using cache
 ---> 02c018445cdc
Step 4/19 : ENV JENKINS_FIRST_ADMIN_USER admin
 ---> Using cache
 ---> a00c86a63655
Step 5/19 : ENV JENKINS_FIRST_ADMIN_PASS 1amKohsuke!
 ---> Using cache
 ---> 22195a301621
Step 6/19 : COPY kops /usr/local/bin/kops
 ---> Using cache
 ---> 4a4dabba270f
Step 7/19 : COPY terraform /usr/local/bin/terraform
 ---> Using cache
 ---> 1ca91449dea2
Step 8/19 : COPY download_install_awscli_v2.sh /usr/local/bin/download_install_awscli_v2.sh
 ---> Using cache
 ---> ecea5bf48890
Step 9/19 : RUN mkdir -p /var/tmp/jenkins_config_backup
 ---> Using cache
 ---> eff04ce22d15
Step 10/19 : RUN rm -f /usr/share/jenkins/ref/init.groovy.d/*.groovy
 ---> Using cache
 ---> 5b85ac8fad23
Step 11/19 : COPY 00_create_first_admin_user.groovy            /usr/share/jenkins/ref/init.groovy.d/
 ---> Using cache
 ---> 868a03ae7f4a
Step 12/19 : COPY 01_set_baseURL.groovy                        /usr/share/jenkins/ref/init.groovy.d/
 ---> Using cache
 ---> 23d057800329
Step 13/19 : COPY 02_enable_agent2master_access_control.groovy /usr/share/jenkins/ref/init.groovy.d/
 ---> Using cache
 ---> 82cc56c9b381
Step 14/19 : RUN /usr/local/bin/install-plugins.sh plugins.txt
 ---> Running in a66470a830eb
Creating initial locks...
Analyzing war /usr/share/jenkins/jenkins.war...
Registering preinstalled plugins...
Using version-specific update center: https://updates.jenkins.io/2.235...
Downloading plugins...
Downloading plugin: plugins.txt from https://updates.jenkins.io/2.235/latest/plugins.txt.hpi
[91mcurl: (22) The requested URL returned error: 404 Not Found
[0m[91m11:06:42 Failure (22) Retrying in 1 seconds...
[0m[91mcurl: (22) The requested URL returned error: 404 Not Found
[0m[91m11:06:45 Failure (22) Retrying in 1 seconds...
[0m[91mcurl: (22) The requested URL returned error: 404 Not Found
[0m[91m11:06:47 Failure (22) Retrying in 1 seconds...
[0m[91m11:06:48 Failed in the last attempt (curl -sSfL --connect-timeout 20 --retry 3 --retry-delay 0 --retry-max-time 60 https://updates.jenkins.io/2.235/latest/plugins.txt.hpi -o /usr/share/jenkins/ref/plugins/plugins.txt.jpi)
[0mDownloading plugin: plugins.txt-plugin from https://updates.jenkins.io/2.235/latest/plugins.txt-plugin.hpi
[91mcu[0m[91mr[0m[91ml: (22) The requested URL returned error: 404 Not Found
[0m[91m11:06:49 Failure (22) Retrying in 1 seconds...
[0m[91mcurl: (22) The requested URL re[0m[91mturned error: 404 Not Found
[0m[91m11:06:51 Failure (22) Retrying in 1 seconds...
[0m[91mcurl: (22) The requested URL returned error: 404 Not Found
[0m[91m11:06:53 Failure (22) Retrying in 1 seconds...
[0m[91m11:06:54 Failed in the last attempt (curl -sSfL --connect-timeout 20 --retry 3 --retry-delay 0 --retry-max-time 60 https://updates.jenkins.io/2.235/latest/plugins.txt-plugin.hpi -o /usr/share/jenkins/ref/plugins/plugins.txt-plugin.jpi)
Failed to download plugin: plugins.txt or plugins.txt-plugin
[0m
WAR bundled plugins:


Installed plugins:
*:
[91mSome plugins failed to download! Not downloaded: plugins.txt
[0m